[debug] > Exec(early(addDefaultCommands), None, None)
[debug] > Exec(addDefaultCommands, None, None)
[debug] > Exec(early(initialize), None, None)
[debug] > Exec(initialize, None, None)
[debug] > Exec(early(addPluginSbtFile="""C:\Users\ext-sbelkati\AppData\Local\Temp\idea1045.sbt"""), None, None)
[debug] > Exec(addPluginSbtFile="""C:\Users\ext-sbelkati\AppData\Local\Temp\idea1045.sbt""", None, None)
[debug] > Exec(boot, None, None)
[debug] > Exec(writeSbtVersion, None, None)
[debug] > Exec(reload, None, None)
[debug] > Exec(sbtStashOnFailure, None, None)
[debug] > Exec(onFailure loadFailed, None, None)
[debug] > Exec(loadp, None, None)
[info] welcome to sbt 1.4.7 (Oracle Corporation Java 1.8.0_271)
[debug]       Load.loadUnit: plugins took 189.6918ms
[debug]       Load.loadUnit: defsScala took 0.6553ms
[debug] [Loading] Scanning directory C:\Users\ext-sbelkati\.sbt\1.0\plugins
[debug] [Loading] Found non-root projects 
[debug] [Loading] Done in C:\Users\ext-sbelkati\.sbt\1.0\plugins, returning: ()
[debug] deducing auto plugins based on known facts Set(Atom(sbt.plugins.CorePlugin)) and clauses Clauses(List(Clause(Atom(sbt.plugins.JvmPlugin),Set(Atom(sbt.plugins.IvyPlugin))), Clause(Atom(sbt.ScriptedPlugin),Set(Atom(sbt.plugins.JvmPlugin))), Clause(Atom(sbt.plugins.SbtPlugin),Set(Atom(sbt.ScriptedPlugin))), Clause(Atom(sbt.plugins.SemanticdbPlugin),Set(Atom(sbt.plugins.JvmPlugin))), Clause(Atom(sbt.plugins.JUnitXmlReportPlugin),Set(Atom(sbt.plugins.JvmPlugin))), Clause(Atom(sbt.plugins.MiniDependencyTreePlugin),Set(Atom(sbt.plugins.JvmPlugin))), Clause(Atom(sbt.plugins.CorePlugin),Set(Atom(sbt.plugins.IvyPlugin))), Clause(Atom(sbt.plugins.IvyPlugin),Set(Atom(sbt.plugins.JvmPlugin))), Clause(Atom(sbt.plugins.JvmPlugin),Set(Atom(sbt.plugins.SemanticdbPlugin))), Clause(Atom(sbt.plugins.JvmPlugin),Set(Atom(sbt.plugins.JUnitXmlReportPlugin))), Clause(Atom(sbt.plugins.CorePlugin),Set(Atom(sbt.plugins.Giter8TemplatePlugin))), Clause(Atom(sbt.plugins.JvmPlugin),Set(Atom(sbt.plugins.MiniDependencyTreePlugin)))))
[debug]   :: deduced result: Matched(sbt.plugins.CorePlugin,sbt.plugins.Giter8TemplatePlugin,sbt.plugins.IvyPlugin,sbt.plugins.JvmPlugin,sbt.plugins.MiniDependencyTreePlugin,sbt.plugins.JUnitXmlReportPlugin,sbt.plugins.SemanticdbPlugin)
[debug] Plugins.deducer#function took 37.7216 ms
[debug]           Load.resolveProject(global-plugins) took 88.0339ms
[debug]         Load.loadTransitive: finalizeProject(Project(id global-plugins, base: C:\Users\ext-sbelkati\.sbt\1.0\plugins, plugins: List(<none>))) took 172.2439ms
[debug] [Loading] Done in C:\Users\ext-sbelkati\.sbt\1.0\plugins, returning: (global-plugins)
[debug]       Load.loadUnit: loadedProjectsRaw took 213.4142ms
[debug]       Load.loadUnit: cleanEvalClasses took 0.5385ms
[debug]     Load.loadUnit(file:/C:/Users/ext-sbelkati/.sbt/1.0/plugins/, ...) took 417.5857ms
[debug]   Load.apply: load took 705.9729ms
[debug]   Load.apply: resolveProjects took 13.2433ms
[debug]   Load.apply: finalTransforms took 123.3867ms
[debug]   Load.apply: config.delegates took 13.0056ms
[debug]   Load.apply: Def.make(settings)... took 1595.9801ms
[debug]   Load.apply: structureIndex took 186.266ms
[debug]   Load.apply: mkStreams took 3.2726ms
[info] loading global plugins from C:\Users\ext-sbelkati\.sbt\1.0\plugins
[debug] Running task... Cancel: Signal, check cycles: false, forcegc: true
[debug] Load.defaultLoad until apply took 6202.3424ms
[debug]           Load.loadUnit: plugins took 67.8212ms
[debug]           Load.loadUnit: defsScala took 0.0077ms
[debug] [Loading] Scanning directory C:\Users\ext-sbelkati\Desktop\tp-scala\scala-tp-csv\project
[debug]             Load.loadUnit: mkEval took 17.4651ms
[debug] [Loading] Found non-root projects 
[debug] [Loading] Done in C:\Users\ext-sbelkati\Desktop\tp-scala\scala-tp-csv\project, returning: ()
[debug] deducing auto plugins based on known facts Set(Atom(sbt.plugins.CorePlugin)) and clauses Clauses(List(Clause(Atom(sbt.plugins.JvmPlugin),Set(Atom(sbt.plugins.IvyPlugin))), Clause(Atom(sbt.ScriptedPlugin),Set(Atom(sbt.plugins.JvmPlugin))), Clause(Atom(sbt.plugins.SbtPlugin),Set(Atom(sbt.ScriptedPlugin))), Clause(Atom(sbt.plugins.SemanticdbPlugin),Set(Atom(sbt.plugins.JvmPlugin))), Clause(Atom(sbt.plugins.JUnitXmlReportPlugin),Set(Atom(sbt.plugins.JvmPlugin))), Clause(Atom(sbt.plugins.MiniDependencyTreePlugin),Set(Atom(sbt.plugins.JvmPlugin))), Clause(Atom(sbt.plugins.CorePlugin),Set(Atom(sbt.plugins.IvyPlugin))), Clause(Atom(sbt.plugins.IvyPlugin),Set(Atom(sbt.plugins.JvmPlugin))), Clause(Atom(sbt.plugins.JvmPlugin),Set(Atom(sbt.plugins.SemanticdbPlugin))), Clause(Atom(sbt.plugins.JvmPlugin),Set(Atom(sbt.plugins.JUnitXmlReportPlugin))), Clause(Atom(sbt.plugins.CorePlugin),Set(Atom(sbt.plugins.Giter8TemplatePlugin))), Clause(Atom(sbt.plugins.JvmPlugin),Set(Atom(sbt.plugins.MiniDependencyTreePlugin)))))
[debug]   :: deduced result: Matched(sbt.plugins.CorePlugin,sbt.plugins.Giter8TemplatePlugin,sbt.plugins.IvyPlugin,sbt.plugins.JvmPlugin,sbt.plugins.MiniDependencyTreePlugin,sbt.plugins.JUnitXmlReportPlugin,sbt.plugins.SemanticdbPlugin)
[debug] Plugins.deducer#function took 2.8572 ms
[info] loading settings for project scala-tp-csv-build from idea1045.sbt ...
[debug]               Load.resolveProject(scala-tp-csv-build) took 21.0933ms
[debug]             Load.loadTransitive: finalizeProject(Project(id scala-tp-csv-build, base: C:\Users\ext-sbelkati\Desktop\tp-scala\scala-tp-csv\project, plugins: List(<none>))) took 24.809ms
[debug] [Loading] Done in C:\Users\ext-sbelkati\Desktop\tp-scala\scala-tp-csv\project, returning: (scala-tp-csv-build)
[debug]           Load.loadUnit: loadedProjectsRaw took 274.5783ms
[debug]           Load.loadUnit: cleanEvalClasses took 7.979ms
[debug]         Load.loadUnit(file:/C:/Users/ext-sbelkati/Desktop/tp-scala/scala-tp-csv/project/, ...) took 352.4756ms
[debug]       Load.apply: load took 355.2178ms
[debug]       Load.apply: resolveProjects took 0.2313ms
[debug]       Load.apply: finalTransforms took 22.1661ms
[debug]       Load.apply: config.delegates took 0.9196ms
[debug]       Load.apply: Def.make(settings)... took 159.1774ms
[debug]       Load.apply: structureIndex took 52.5112ms
[debug]       Load.apply: mkStreams took 0.0034ms
[info] loading project definition from C:\Users\ext-sbelkati\Desktop\tp-scala\scala-tp-csv\project
[debug] Running task... Cancel: Signal, check cycles: false, forcegc: true
[debug]     Load.loadUnit: plugins took 999.3524ms
[debug]     Load.loadUnit: defsScala took 0.0053ms
[debug] [Loading] Scanning directory C:\Users\ext-sbelkati\Desktop\tp-scala\scala-tp-csv
[debug]       Load.loadUnit: mkEval took 0.4439ms
[debug] [Loading] Found non-root projects 
[debug] [Loading] Done in C:\Users\ext-sbelkati\Desktop\tp-scala\scala-tp-csv, returning: ()
[debug] deducing auto plugins based on known facts Set(Atom(sbt.plugins.CorePlugin)) and clauses Clauses(List(Clause(Atom(sbt.plugins.JvmPlugin),Set(Atom(sbt.plugins.IvyPlugin))), Clause(Atom(sbt.ScriptedPlugin),Set(Atom(sbt.plugins.JvmPlugin))), Clause(Atom(sbt.plugins.SbtPlugin),Set(Atom(sbt.ScriptedPlugin))), Clause(Atom(sbt.plugins.SemanticdbPlugin),Set(Atom(sbt.plugins.JvmPlugin))), Clause(Atom(sbt.plugins.JUnitXmlReportPlugin),Set(Atom(sbt.plugins.JvmPlugin))), Clause(Atom(sbt.plugins.MiniDependencyTreePlugin),Set(Atom(sbt.plugins.JvmPlugin))), Clause(Atom(org.jetbrains.sbt.StructurePlugin),Set(Atom(sbt.plugins.JvmPlugin))), Clause(Atom(org.jetbrains.sbt.IdeaShellPlugin),Set(Atom(sbt.plugins.JvmPlugin))), Clause(Atom(org.jetbrains.sbt.indices.SbtIntellijIndicesPlugin),Set(Atom(sbt.plugins.JvmPlugin))), Clause(Atom(sbt.plugins.CorePlugin),Set(Atom(sbt.plugins.IvyPlugin))), Clause(Atom(sbt.plugins.IvyPlugin),Set(Atom(sbt.plugins.JvmPlugin))), Clause(Atom(sbt.plugins.JvmPlugin),Set(Atom(sbt.plugins.SemanticdbPlugin))), Clause(Atom(sbt.plugins.JvmPlugin),Set(Atom(sbt.plugins.JUnitXmlReportPlugin))), Clause(Atom(sbt.plugins.CorePlugin),Set(Atom(sbt.plugins.Giter8TemplatePlugin))), Clause(Atom(sbt.plugins.JvmPlugin),Set(Atom(sbt.plugins.MiniDependencyTreePlugin))), Clause(Atom(sbt.plugins.JvmPlugin),Set(Atom(org.jetbrains.sbt.StructurePlugin))), Clause(Atom(sbt.plugins.JvmPlugin),Set(Atom(org.jetbrains.sbt.IdeaShellPlugin))), Clause(And(Set(Atom(sbt.plugins.CorePlugin), Atom(sbt.plugins.JvmPlugin))),Set(Atom(org.jetbrains.sbt.indices.SbtIntellijIndicesPlugin)))))
[debug]   :: deduced result: Matched(sbt.plugins.CorePlugin,sbt.plugins.Giter8TemplatePlugin,sbt.plugins.IvyPlugin,sbt.plugins.JvmPlugin,sbt.plugins.SemanticdbPlugin,org.jetbrains.sbt.indices.SbtIntellijIndicesPlugin,sbt.plugins.JUnitXmlReportPlugin,org.jetbrains.sbt.IdeaShellPlugin,org.jetbrains.sbt.StructurePlugin,sbt.plugins.MiniDependencyTreePlugin)
[debug] Plugins.deducer#function took 4.9228 ms
[info] loading settings for project scala-tp-csv from build.sbt ...
[debug]         Load.resolveProject(scala-tp-csv) took 61.4581ms
[debug]       Load.loadTransitive: finalizeProject(Project(id scala-tp-csv, base: C:\Users\ext-sbelkati\Desktop\tp-scala\scala-tp-csv, plugins: List(<none>))) took 68.5986ms
[debug] [Loading] Done in C:\Users\ext-sbelkati\Desktop\tp-scala\scala-tp-csv, returning: (scala-tp-csv)
[debug]     Load.loadUnit: loadedProjectsRaw took 147.0082ms
[debug]     Load.loadUnit: cleanEvalClasses took 6.0985ms
[debug]   Load.loadUnit(file:/C:/Users/ext-sbelkati/Desktop/tp-scala/scala-tp-csv/, ...) took 1153.6007ms
[debug] Load.apply: load took 1156.861ms
[debug] Load.apply: resolveProjects took 0.1875ms
[debug] Load.apply: finalTransforms took 49.784ms
[debug] Load.apply: config.delegates took 0.8532ms
[debug] Load.apply: Def.make(settings)... took 154.374ms
[debug] Load.apply: structureIndex took 47.0401ms
[debug] Load.apply: mkStreams took 0.004ms
[info] set current project to scala-tp-csv (in build file:/C:/Users/ext-sbelkati/Desktop/tp-scala/scala-tp-csv/)
[debug] > Exec(sbtPopOnFailure, None, None)
[debug] > Exec(resumeFromFailure, None, None)
[debug] > Exec(notifyUsersAboutShell, None, None)
[debug] > Exec(iflast shell, None, None)
[debug] > Exec(; set ideaPort in Global := 51617 ; idea-shell, None, None)
[debug] > Exec(set ideaPort in Global := 51617, None, None)
[info] Defining Global / ideaPort
[info] The new value will be used by Compile / compile, Test / compile
[debug] Defining 
[debug] 	Global / ideaPort
[debug] 
[debug] The new value will be used by 
[debug] 	Compile / compile
[debug] 	Test / compile
[info] Reapplying settings...
[info] set current project to scala-tp-csv (in build file:/C:/Users/ext-sbelkati/Desktop/tp-scala/scala-tp-csv/)
[debug] > Exec(idea-shell, None, None)
