[debug] > Exec(early(addDefaultCommands), None, None)
[debug] > Exec(addDefaultCommands, None, None)
[debug] > Exec(early(initialize), None, None)
[debug] > Exec(initialize, None, None)
[debug] > Exec(early(addPluginSbtFile="""C:\Users\ext-sbelkati\AppData\Local\Temp\idea1718.sbt"""), None, None)
[debug] > Exec(addPluginSbtFile="""C:\Users\ext-sbelkati\AppData\Local\Temp\idea1718.sbt""", None, None)
[debug] > Exec(boot, None, None)
[debug] > Exec(writeSbtVersion, None, None)
[debug] > Exec(reload, None, None)
[debug] > Exec(sbtStashOnFailure, None, None)
[debug] > Exec(onFailure loadFailed, None, None)
[debug] > Exec(loadp, None, None)
[info] welcome to sbt 1.4.7 (Oracle Corporation Java 1.8.0_271)
[debug]       Load.loadUnit: plugins took 160.2224ms
[debug]       Load.loadUnit: defsScala took 0.5026ms
[debug] [Loading] Scanning directory C:\Users\ext-sbelkati\.sbt\1.0\plugins
[debug] [Loading] Found non-root projects 
[debug] [Loading] Done in C:\Users\ext-sbelkati\.sbt\1.0\plugins, returning: ()
[debug] deducing auto plugins based on known facts Set(Atom(sbt.plugins.CorePlugin)) and clauses Clauses(List(Clause(Atom(sbt.plugins.JvmPlugin),Set(Atom(sbt.plugins.IvyPlugin))), Clause(Atom(sbt.ScriptedPlugin),Set(Atom(sbt.plugins.JvmPlugin))), Clause(Atom(sbt.plugins.SbtPlugin),Set(Atom(sbt.ScriptedPlugin))), Clause(Atom(sbt.plugins.SemanticdbPlugin),Set(Atom(sbt.plugins.JvmPlugin))), Clause(Atom(sbt.plugins.JUnitXmlReportPlugin),Set(Atom(sbt.plugins.JvmPlugin))), Clause(Atom(sbt.plugins.MiniDependencyTreePlugin),Set(Atom(sbt.plugins.JvmPlugin))), Clause(Atom(sbt.plugins.CorePlugin),Set(Atom(sbt.plugins.IvyPlugin))), Clause(Atom(sbt.plugins.IvyPlugin),Set(Atom(sbt.plugins.JvmPlugin))), Clause(Atom(sbt.plugins.JvmPlugin),Set(Atom(sbt.plugins.SemanticdbPlugin))), Clause(Atom(sbt.plugins.JvmPlugin),Set(Atom(sbt.plugins.JUnitXmlReportPlugin))), Clause(Atom(sbt.plugins.CorePlugin),Set(Atom(sbt.plugins.Giter8TemplatePlugin))), Clause(Atom(sbt.plugins.JvmPlugin),Set(Atom(sbt.plugins.MiniDependencyTreePlugin)))))
[debug]   :: deduced result: Matched(sbt.plugins.CorePlugin,sbt.plugins.Giter8TemplatePlugin,sbt.plugins.IvyPlugin,sbt.plugins.JvmPlugin,sbt.plugins.MiniDependencyTreePlugin,sbt.plugins.JUnitXmlReportPlugin,sbt.plugins.SemanticdbPlugin)
[debug] Plugins.deducer#function took 49.105 ms
[debug]           Load.resolveProject(global-plugins) took 111.3203ms
[debug]         Load.loadTransitive: finalizeProject(Project(id global-plugins, base: C:\Users\ext-sbelkati\.sbt\1.0\plugins, plugins: List(<none>))) took 213.0418ms
[debug] [Loading] Done in C:\Users\ext-sbelkati\.sbt\1.0\plugins, returning: (global-plugins)
[debug]       Load.loadUnit: loadedProjectsRaw took 253.5867ms
[debug]       Load.loadUnit: cleanEvalClasses took 0.7695ms
[debug]     Load.loadUnit(file:/C:/Users/ext-sbelkati/.sbt/1.0/plugins/, ...) took 430.7764ms
[debug]   Load.apply: load took 750.4696ms
[debug]   Load.apply: resolveProjects took 13.0278ms
[debug]   Load.apply: finalTransforms took 103.0439ms
[debug]   Load.apply: config.delegates took 14.8662ms
[debug]   Load.apply: Def.make(settings)... took 1512.2411ms
[debug]   Load.apply: structureIndex took 206.235ms
[debug]   Load.apply: mkStreams took 3.3323ms
[info] loading global plugins from C:\Users\ext-sbelkati\.sbt\1.0\plugins
[debug] Running task... Cancel: Signal, check cycles: false, forcegc: true
[debug] Load.defaultLoad until apply took 6336.2163ms
[debug]           Load.loadUnit: plugins took 55.5086ms
[debug]           Load.loadUnit: defsScala took 0.005ms
[debug] [Loading] Scanning directory C:\Users\ext-sbelkati\Desktop\tp-scala\scala-tp-csv\project
[debug]             Load.loadUnit: mkEval took 14.5366ms
[debug] [Loading] Found non-root projects 
[debug] [Loading] Done in C:\Users\ext-sbelkati\Desktop\tp-scala\scala-tp-csv\project, returning: ()
[debug] deducing auto plugins based on known facts Set(Atom(sbt.plugins.CorePlugin)) and clauses Clauses(List(Clause(Atom(sbt.plugins.JvmPlugin),Set(Atom(sbt.plugins.IvyPlugin))), Clause(Atom(sbt.ScriptedPlugin),Set(Atom(sbt.plugins.JvmPlugin))), Clause(Atom(sbt.plugins.SbtPlugin),Set(Atom(sbt.ScriptedPlugin))), Clause(Atom(sbt.plugins.SemanticdbPlugin),Set(Atom(sbt.plugins.JvmPlugin))), Clause(Atom(sbt.plugins.JUnitXmlReportPlugin),Set(Atom(sbt.plugins.JvmPlugin))), Clause(Atom(sbt.plugins.MiniDependencyTreePlugin),Set(Atom(sbt.plugins.JvmPlugin))), Clause(Atom(sbt.plugins.CorePlugin),Set(Atom(sbt.plugins.IvyPlugin))), Clause(Atom(sbt.plugins.IvyPlugin),Set(Atom(sbt.plugins.JvmPlugin))), Clause(Atom(sbt.plugins.JvmPlugin),Set(Atom(sbt.plugins.SemanticdbPlugin))), Clause(Atom(sbt.plugins.JvmPlugin),Set(Atom(sbt.plugins.JUnitXmlReportPlugin))), Clause(Atom(sbt.plugins.CorePlugin),Set(Atom(sbt.plugins.Giter8TemplatePlugin))), Clause(Atom(sbt.plugins.JvmPlugin),Set(Atom(sbt.plugins.MiniDependencyTreePlugin)))))
[debug]   :: deduced result: Matched(sbt.plugins.CorePlugin,sbt.plugins.Giter8TemplatePlugin,sbt.plugins.IvyPlugin,sbt.plugins.JvmPlugin,sbt.plugins.MiniDependencyTreePlugin,sbt.plugins.JUnitXmlReportPlugin,sbt.plugins.SemanticdbPlugin)
[debug] Plugins.deducer#function took 3.9343 ms
[info] loading settings for project scala-tp-csv-build from idea1718.sbt ...
[debug]               Load.resolveProject(scala-tp-csv-build) took 19.6825ms
[debug]             Load.loadTransitive: finalizeProject(Project(id scala-tp-csv-build, base: C:\Users\ext-sbelkati\Desktop\tp-scala\scala-tp-csv\project, plugins: List(<none>))) took 24.7043ms
[debug] [Loading] Done in C:\Users\ext-sbelkati\Desktop\tp-scala\scala-tp-csv\project, returning: (scala-tp-csv-build)
[debug]           Load.loadUnit: loadedProjectsRaw took 278.0087ms
[debug]           Load.loadUnit: cleanEvalClasses took 8.5235ms
[debug]         Load.loadUnit(file:/C:/Users/ext-sbelkati/Desktop/tp-scala/scala-tp-csv/project/, ...) took 344.2367ms
[debug]       Load.apply: load took 346.9217ms
[debug]       Load.apply: resolveProjects took 0.2075ms
[debug]       Load.apply: finalTransforms took 19.8166ms
[debug]       Load.apply: config.delegates took 0.7753ms
[debug]       Load.apply: Def.make(settings)... took 136.5098ms
[debug]       Load.apply: structureIndex took 50.8938ms
[debug]       Load.apply: mkStreams took 0.0029ms
[info] loading project definition from C:\Users\ext-sbelkati\Desktop\tp-scala\scala-tp-csv\project
[debug] Running task... Cancel: Signal, check cycles: false, forcegc: true
[debug]     Load.loadUnit: plugins took 1032.5307ms
[debug]     Load.loadUnit: defsScala took 0.0044ms
[debug] [Loading] Scanning directory C:\Users\ext-sbelkati\Desktop\tp-scala\scala-tp-csv
[debug]       Load.loadUnit: mkEval took 0.5407ms
[debug] [Loading] Found non-root projects 
[debug] [Loading] Done in C:\Users\ext-sbelkati\Desktop\tp-scala\scala-tp-csv, returning: ()
[debug] deducing auto plugins based on known facts Set(Atom(sbt.plugins.CorePlugin)) and clauses Clauses(List(Clause(Atom(sbt.plugins.JvmPlugin),Set(Atom(sbt.plugins.IvyPlugin))), Clause(Atom(sbt.ScriptedPlugin),Set(Atom(sbt.plugins.JvmPlugin))), Clause(Atom(sbt.plugins.SbtPlugin),Set(Atom(sbt.ScriptedPlugin))), Clause(Atom(sbt.plugins.SemanticdbPlugin),Set(Atom(sbt.plugins.JvmPlugin))), Clause(Atom(sbt.plugins.JUnitXmlReportPlugin),Set(Atom(sbt.plugins.JvmPlugin))), Clause(Atom(sbt.plugins.MiniDependencyTreePlugin),Set(Atom(sbt.plugins.JvmPlugin))), Clause(Atom(org.jetbrains.sbt.StructurePlugin),Set(Atom(sbt.plugins.JvmPlugin))), Clause(Atom(org.jetbrains.sbt.IdeaShellPlugin),Set(Atom(sbt.plugins.JvmPlugin))), Clause(Atom(org.jetbrains.sbt.indices.SbtIntellijIndicesPlugin),Set(Atom(sbt.plugins.JvmPlugin))), Clause(Atom(sbt.plugins.CorePlugin),Set(Atom(sbt.plugins.IvyPlugin))), Clause(Atom(sbt.plugins.IvyPlugin),Set(Atom(sbt.plugins.JvmPlugin))), Clause(Atom(sbt.plugins.JvmPlugin),Set(Atom(sbt.plugins.SemanticdbPlugin))), Clause(Atom(sbt.plugins.JvmPlugin),Set(Atom(sbt.plugins.JUnitXmlReportPlugin))), Clause(Atom(sbt.plugins.CorePlugin),Set(Atom(sbt.plugins.Giter8TemplatePlugin))), Clause(Atom(sbt.plugins.JvmPlugin),Set(Atom(sbt.plugins.MiniDependencyTreePlugin))), Clause(Atom(sbt.plugins.JvmPlugin),Set(Atom(org.jetbrains.sbt.StructurePlugin))), Clause(Atom(sbt.plugins.JvmPlugin),Set(Atom(org.jetbrains.sbt.IdeaShellPlugin))), Clause(And(Set(Atom(sbt.plugins.CorePlugin), Atom(sbt.plugins.JvmPlugin))),Set(Atom(org.jetbrains.sbt.indices.SbtIntellijIndicesPlugin)))))
[debug]   :: deduced result: Matched(sbt.plugins.CorePlugin,sbt.plugins.Giter8TemplatePlugin,sbt.plugins.IvyPlugin,sbt.plugins.JvmPlugin,sbt.plugins.SemanticdbPlugin,org.jetbrains.sbt.indices.SbtIntellijIndicesPlugin,sbt.plugins.JUnitXmlReportPlugin,org.jetbrains.sbt.IdeaShellPlugin,org.jetbrains.sbt.StructurePlugin,sbt.plugins.MiniDependencyTreePlugin)
[debug] Plugins.deducer#function took 5.099 ms
[info] loading settings for project scala-tp-csv from build.sbt ...
[debug]         Load.resolveProject(scala-tp-csv) took 60.7326ms
[debug]       Load.loadTransitive: finalizeProject(Project(id scala-tp-csv, base: C:\Users\ext-sbelkati\Desktop\tp-scala\scala-tp-csv, plugins: List(<none>))) took 68.0021ms
[debug] [Loading] Done in C:\Users\ext-sbelkati\Desktop\tp-scala\scala-tp-csv, returning: (scala-tp-csv)
[debug]     Load.loadUnit: loadedProjectsRaw took 144.9152ms
[debug]     Load.loadUnit: cleanEvalClasses took 9.5093ms
[debug]   Load.loadUnit(file:/C:/Users/ext-sbelkati/Desktop/tp-scala/scala-tp-csv/, ...) took 1188.0383ms
[debug] Load.apply: load took 1191.0857ms
[debug] Load.apply: resolveProjects took 0.2139ms
[debug] Load.apply: finalTransforms took 50.126ms
[debug] Load.apply: config.delegates took 0.8612ms
[debug] Load.apply: Def.make(settings)... took 124.9919ms
[debug] Load.apply: structureIndex took 46.9715ms
[debug] Load.apply: mkStreams took 0.003ms
[info] set current project to scala-tp-csv (in build file:/C:/Users/ext-sbelkati/Desktop/tp-scala/scala-tp-csv/)
[debug] > Exec(sbtPopOnFailure, None, None)
[debug] > Exec(resumeFromFailure, None, None)
[debug] > Exec(notifyUsersAboutShell, None, None)
[debug] > Exec(iflast shell, None, None)
[debug] > Exec(; set ideaPort in Global := 51617 ; idea-shell, None, None)
[debug] > Exec(set ideaPort in Global := 51617, None, None)
[info] Defining Global / ideaPort
[info] The new value will be used by Compile / compile, Test / compile
[debug] Defining 
[debug] 	Global / ideaPort
[debug] 
[debug] The new value will be used by 
[debug] 	Compile / compile
[debug] 	Test / compile
[info] Reapplying settings...
[info] set current project to scala-tp-csv (in build file:/C:/Users/ext-sbelkati/Desktop/tp-scala/scala-tp-csv/)
[debug] > Exec(idea-shell, None, None)
