[debug] > Exec(early(addDefaultCommands), None, None)
[debug] > Exec(addDefaultCommands, None, None)
[debug] > Exec(early(initialize), None, None)
[debug] > Exec(initialize, None, None)
[debug] > Exec(early(addPluginSbtFile="""C:\Users\ext-sbelkati\AppData\Local\Temp\idea.sbt"""), None, None)
[debug] > Exec(addPluginSbtFile="""C:\Users\ext-sbelkati\AppData\Local\Temp\idea.sbt""", None, None)
[debug] > Exec(boot, None, None)
[debug] > Exec(writeSbtVersion, None, None)
[debug] > Exec(reload, None, None)
[debug] > Exec(sbtStashOnFailure, None, None)
[debug] > Exec(onFailure loadFailed, None, None)
[debug] > Exec(loadp, None, None)
[info] welcome to sbt 1.4.7 (Oracle Corporation Java 1.8.0_271)
[debug]       Load.loadUnit: plugins took 302.9722ms
[debug]       Load.loadUnit: defsScala took 0.7561ms
[debug] [Loading] Scanning directory C:\Users\ext-sbelkati\.sbt\1.0\plugins
[debug] [Loading] Found non-root projects 
[debug] [Loading] Done in C:\Users\ext-sbelkati\.sbt\1.0\plugins, returning: ()
[debug] deducing auto plugins based on known facts Set(Atom(sbt.plugins.CorePlugin)) and clauses Clauses(List(Clause(Atom(sbt.plugins.JvmPlugin),Set(Atom(sbt.plugins.IvyPlugin))), Clause(Atom(sbt.ScriptedPlugin),Set(Atom(sbt.plugins.JvmPlugin))), Clause(Atom(sbt.plugins.SbtPlugin),Set(Atom(sbt.ScriptedPlugin))), Clause(Atom(sbt.plugins.SemanticdbPlugin),Set(Atom(sbt.plugins.JvmPlugin))), Clause(Atom(sbt.plugins.JUnitXmlReportPlugin),Set(Atom(sbt.plugins.JvmPlugin))), Clause(Atom(sbt.plugins.MiniDependencyTreePlugin),Set(Atom(sbt.plugins.JvmPlugin))), Clause(Atom(sbt.plugins.CorePlugin),Set(Atom(sbt.plugins.IvyPlugin))), Clause(Atom(sbt.plugins.IvyPlugin),Set(Atom(sbt.plugins.JvmPlugin))), Clause(Atom(sbt.plugins.JvmPlugin),Set(Atom(sbt.plugins.SemanticdbPlugin))), Clause(Atom(sbt.plugins.JvmPlugin),Set(Atom(sbt.plugins.JUnitXmlReportPlugin))), Clause(Atom(sbt.plugins.CorePlugin),Set(Atom(sbt.plugins.Giter8TemplatePlugin))), Clause(Atom(sbt.plugins.JvmPlugin),Set(Atom(sbt.plugins.MiniDependencyTreePlugin)))))
[debug]   :: deduced result: Matched(sbt.plugins.CorePlugin,sbt.plugins.Giter8TemplatePlugin,sbt.plugins.IvyPlugin,sbt.plugins.JvmPlugin,sbt.plugins.MiniDependencyTreePlugin,sbt.plugins.JUnitXmlReportPlugin,sbt.plugins.SemanticdbPlugin)
[debug] Plugins.deducer#function took 57.9872 ms
[debug]           Load.resolveProject(global-plugins) took 138.3054ms
[debug]         Load.loadTransitive: finalizeProject(Project(id global-plugins, base: C:\Users\ext-sbelkati\.sbt\1.0\plugins, plugins: List(<none>))) took 283.137ms
[debug] [Loading] Done in C:\Users\ext-sbelkati\.sbt\1.0\plugins, returning: (global-plugins)
[debug]       Load.loadUnit: loadedProjectsRaw took 345.3741ms
[debug]       Load.loadUnit: cleanEvalClasses took 0.6043ms
[debug]     Load.loadUnit(file:/C:/Users/ext-sbelkati/.sbt/1.0/plugins/, ...) took 669.6682ms
[debug]   Load.apply: load took 1190.5858ms
[debug]   Load.apply: resolveProjects took 21.4781ms
[debug]   Load.apply: finalTransforms took 216.4022ms
[debug]   Load.apply: config.delegates took 22.2533ms
[debug]   Load.apply: Def.make(settings)... took 3420.7344ms
[debug]   Load.apply: structureIndex took 281.5095ms
[debug]   Load.apply: mkStreams took 3.5359ms
[info] loading global plugins from C:\Users\ext-sbelkati\.sbt\1.0\plugins
[debug] Running task... Cancel: Signal, check cycles: false, forcegc: true
[debug] Load.defaultLoad until apply took 12456.4586ms
[debug]           Load.loadUnit: plugins took 88.6678ms
[debug]           Load.loadUnit: defsScala took 0.01ms
[debug] [Loading] Scanning directory C:\Users\ext-sbelkati\Desktop\tp-scala\scala-tp-csv\project
[debug]             Load.loadUnit: mkEval took 35.3408ms
[debug] [Loading] Found non-root projects 
[debug] [Loading] Done in C:\Users\ext-sbelkati\Desktop\tp-scala\scala-tp-csv\project, returning: ()
[debug] deducing auto plugins based on known facts Set(Atom(sbt.plugins.CorePlugin)) and clauses Clauses(List(Clause(Atom(sbt.plugins.JvmPlugin),Set(Atom(sbt.plugins.IvyPlugin))), Clause(Atom(sbt.ScriptedPlugin),Set(Atom(sbt.plugins.JvmPlugin))), Clause(Atom(sbt.plugins.SbtPlugin),Set(Atom(sbt.ScriptedPlugin))), Clause(Atom(sbt.plugins.SemanticdbPlugin),Set(Atom(sbt.plugins.JvmPlugin))), Clause(Atom(sbt.plugins.JUnitXmlReportPlugin),Set(Atom(sbt.plugins.JvmPlugin))), Clause(Atom(sbt.plugins.MiniDependencyTreePlugin),Set(Atom(sbt.plugins.JvmPlugin))), Clause(Atom(sbt.plugins.CorePlugin),Set(Atom(sbt.plugins.IvyPlugin))), Clause(Atom(sbt.plugins.IvyPlugin),Set(Atom(sbt.plugins.JvmPlugin))), Clause(Atom(sbt.plugins.JvmPlugin),Set(Atom(sbt.plugins.SemanticdbPlugin))), Clause(Atom(sbt.plugins.JvmPlugin),Set(Atom(sbt.plugins.JUnitXmlReportPlugin))), Clause(Atom(sbt.plugins.CorePlugin),Set(Atom(sbt.plugins.Giter8TemplatePlugin))), Clause(Atom(sbt.plugins.JvmPlugin),Set(Atom(sbt.plugins.MiniDependencyTreePlugin)))))
[debug]   :: deduced result: Matched(sbt.plugins.CorePlugin,sbt.plugins.Giter8TemplatePlugin,sbt.plugins.IvyPlugin,sbt.plugins.JvmPlugin,sbt.plugins.MiniDependencyTreePlugin,sbt.plugins.JUnitXmlReportPlugin,sbt.plugins.SemanticdbPlugin)
[debug] Plugins.deducer#function took 6.5729 ms
[info] loading settings for project scala-tp-csv-build from idea.sbt ...
[debug]               Load.resolveProject(scala-tp-csv-build) took 42.2022ms
[debug]             Load.loadTransitive: finalizeProject(Project(id scala-tp-csv-build, base: C:\Users\ext-sbelkati\Desktop\tp-scala\scala-tp-csv\project, plugins: List(<none>))) took 50.2102ms
[debug] [Loading] Done in C:\Users\ext-sbelkati\Desktop\tp-scala\scala-tp-csv\project, returning: (scala-tp-csv-build)
[debug]           Load.loadUnit: loadedProjectsRaw took 562.4317ms
[debug]           Load.loadUnit: cleanEvalClasses took 14.3786ms
[debug]         Load.loadUnit(file:/C:/Users/ext-sbelkati/Desktop/tp-scala/scala-tp-csv/project/, ...) took 669.1299ms
[debug]       Load.apply: load took 673.3477ms
[debug]       Load.apply: resolveProjects took 0.2777ms
[debug]       Load.apply: finalTransforms took 31.3481ms
[debug]       Load.apply: config.delegates took 1.0418ms
[debug]       Load.apply: Def.make(settings)... took 199.1785ms
[debug]       Load.apply: structureIndex took 45.0289ms
[debug]       Load.apply: mkStreams took 0.0028ms
[info] loading project definition from C:\Users\ext-sbelkati\Desktop\tp-scala\scala-tp-csv\project
[debug] Running task... Cancel: Signal, check cycles: false, forcegc: true
[debug]     Load.loadUnit: plugins took 1841.9861ms
[debug]     Load.loadUnit: defsScala took 0.0061ms
[debug] [Loading] Scanning directory C:\Users\ext-sbelkati\Desktop\tp-scala\scala-tp-csv
[debug]       Load.loadUnit: mkEval took 0.745ms
[debug] [Loading] Found non-root projects 
[debug] [Loading] Done in C:\Users\ext-sbelkati\Desktop\tp-scala\scala-tp-csv, returning: ()
[debug] deducing auto plugins based on known facts Set(Atom(sbt.plugins.CorePlugin)) and clauses Clauses(List(Clause(Atom(sbt.plugins.JvmPlugin),Set(Atom(sbt.plugins.IvyPlugin))), Clause(Atom(sbt.ScriptedPlugin),Set(Atom(sbt.plugins.JvmPlugin))), Clause(Atom(sbt.plugins.SbtPlugin),Set(Atom(sbt.ScriptedPlugin))), Clause(Atom(sbt.plugins.SemanticdbPlugin),Set(Atom(sbt.plugins.JvmPlugin))), Clause(Atom(sbt.plugins.JUnitXmlReportPlugin),Set(Atom(sbt.plugins.JvmPlugin))), Clause(Atom(sbt.plugins.MiniDependencyTreePlugin),Set(Atom(sbt.plugins.JvmPlugin))), Clause(Atom(org.jetbrains.sbt.StructurePlugin),Set(Atom(sbt.plugins.JvmPlugin))), Clause(Atom(org.jetbrains.sbt.IdeaShellPlugin),Set(Atom(sbt.plugins.JvmPlugin))), Clause(Atom(org.jetbrains.sbt.indices.SbtIntellijIndicesPlugin),Set(Atom(sbt.plugins.JvmPlugin))), Clause(Atom(sbt.plugins.CorePlugin),Set(Atom(sbt.plugins.IvyPlugin))), Clause(Atom(sbt.plugins.IvyPlugin),Set(Atom(sbt.plugins.JvmPlugin))), Clause(Atom(sbt.plugins.JvmPlugin),Set(Atom(sbt.plugins.SemanticdbPlugin))), Clause(Atom(sbt.plugins.JvmPlugin),Set(Atom(sbt.plugins.JUnitXmlReportPlugin))), Clause(Atom(sbt.plugins.CorePlugin),Set(Atom(sbt.plugins.Giter8TemplatePlugin))), Clause(Atom(sbt.plugins.JvmPlugin),Set(Atom(sbt.plugins.MiniDependencyTreePlugin))), Clause(Atom(sbt.plugins.JvmPlugin),Set(Atom(org.jetbrains.sbt.StructurePlugin))), Clause(Atom(sbt.plugins.JvmPlugin),Set(Atom(org.jetbrains.sbt.IdeaShellPlugin))), Clause(And(Set(Atom(sbt.plugins.CorePlugin), Atom(sbt.plugins.JvmPlugin))),Set(Atom(org.jetbrains.sbt.indices.SbtIntellijIndicesPlugin)))))
[debug]   :: deduced result: Matched(sbt.plugins.CorePlugin,sbt.plugins.Giter8TemplatePlugin,sbt.plugins.IvyPlugin,sbt.plugins.JvmPlugin,sbt.plugins.SemanticdbPlugin,org.jetbrains.sbt.indices.SbtIntellijIndicesPlugin,sbt.plugins.JUnitXmlReportPlugin,org.jetbrains.sbt.IdeaShellPlugin,org.jetbrains.sbt.StructurePlugin,sbt.plugins.MiniDependencyTreePlugin)
[debug] Plugins.deducer#function took 6.2526 ms
[info] loading settings for project scala-tp-csv from build.sbt ...
[debug]         Load.resolveProject(scala-tp-csv) took 90.6782ms
[debug]       Load.loadTransitive: finalizeProject(Project(id scala-tp-csv, base: C:\Users\ext-sbelkati\Desktop\tp-scala\scala-tp-csv, plugins: List(<none>))) took 100.0022ms
[debug] [Loading] Done in C:\Users\ext-sbelkati\Desktop\tp-scala\scala-tp-csv, returning: (scala-tp-csv)
[debug]     Load.loadUnit: loadedProjectsRaw took 262.2619ms
[debug]     Load.loadUnit: cleanEvalClasses took 12.9695ms
[debug]   Load.loadUnit(file:/C:/Users/ext-sbelkati/Desktop/tp-scala/scala-tp-csv/, ...) took 2118.8542ms
[debug] Load.apply: load took 2123.9446ms
[debug] Load.apply: resolveProjects took 0.2817ms
[debug] Load.apply: finalTransforms took 84.1714ms
[debug] Load.apply: config.delegates took 0.5435ms
[debug] Load.apply: Def.make(settings)... took 327.7492ms
[debug] Load.apply: structureIndex took 91.8494ms
[debug] Load.apply: mkStreams took 0.0038ms
[info] set current project to scala-tp-csv (in build file:/C:/Users/ext-sbelkati/Desktop/tp-scala/scala-tp-csv/)
[debug] > Exec(sbtPopOnFailure, None, None)
[debug] > Exec(resumeFromFailure, None, None)
[debug] > Exec(notifyUsersAboutShell, None, None)
[debug] > Exec(iflast shell, None, None)
[debug] > Exec(; set ideaPort in Global := 53542 ; idea-shell, None, None)
[debug] > Exec(set ideaPort in Global := 53542, None, None)
[info] Defining Global / ideaPort
[info] The new value will be used by Compile / compile, Test / compile
[debug] Defining 
[debug] 	Global / ideaPort
[debug] 
[debug] The new value will be used by 
[debug] 	Compile / compile
[debug] 	Test / compile
[info] Reapplying settings...
[info] set current project to scala-tp-csv (in build file:/C:/Users/ext-sbelkati/Desktop/tp-scala/scala-tp-csv/)
[debug] > Exec(idea-shell, None, None)
