[debug] > Exec(early(addDefaultCommands), None, None)
[debug] > Exec(addDefaultCommands, None, None)
[debug] > Exec(early(initialize), None, None)
[debug] > Exec(initialize, None, None)
[debug] > Exec(early(addPluginSbtFile="""C:\Users\ext-sbelkati\AppData\Local\Temp\idea1247.sbt"""), None, None)
[debug] > Exec(addPluginSbtFile="""C:\Users\ext-sbelkati\AppData\Local\Temp\idea1247.sbt""", None, None)
[debug] > Exec(boot, None, None)
[debug] > Exec(writeSbtVersion, None, None)
[debug] > Exec(reload, None, None)
[debug] > Exec(sbtStashOnFailure, None, None)
[debug] > Exec(onFailure loadFailed, None, None)
[debug] > Exec(loadp, None, None)
[info] welcome to sbt 1.4.7 (Oracle Corporation Java 1.8.0_271)
[debug]       Load.loadUnit: plugins took 208.1189ms
[debug]       Load.loadUnit: defsScala took 0.7181ms
[debug] [Loading] Scanning directory C:\Users\ext-sbelkati\.sbt\1.0\plugins
[debug] [Loading] Found non-root projects 
[debug] [Loading] Done in C:\Users\ext-sbelkati\.sbt\1.0\plugins, returning: ()
[debug] deducing auto plugins based on known facts Set(Atom(sbt.plugins.CorePlugin)) and clauses Clauses(List(Clause(Atom(sbt.plugins.JvmPlugin),Set(Atom(sbt.plugins.IvyPlugin))), Clause(Atom(sbt.ScriptedPlugin),Set(Atom(sbt.plugins.JvmPlugin))), Clause(Atom(sbt.plugins.SbtPlugin),Set(Atom(sbt.ScriptedPlugin))), Clause(Atom(sbt.plugins.SemanticdbPlugin),Set(Atom(sbt.plugins.JvmPlugin))), Clause(Atom(sbt.plugins.JUnitXmlReportPlugin),Set(Atom(sbt.plugins.JvmPlugin))), Clause(Atom(sbt.plugins.MiniDependencyTreePlugin),Set(Atom(sbt.plugins.JvmPlugin))), Clause(Atom(sbt.plugins.CorePlugin),Set(Atom(sbt.plugins.IvyPlugin))), Clause(Atom(sbt.plugins.IvyPlugin),Set(Atom(sbt.plugins.JvmPlugin))), Clause(Atom(sbt.plugins.JvmPlugin),Set(Atom(sbt.plugins.SemanticdbPlugin))), Clause(Atom(sbt.plugins.JvmPlugin),Set(Atom(sbt.plugins.JUnitXmlReportPlugin))), Clause(Atom(sbt.plugins.CorePlugin),Set(Atom(sbt.plugins.Giter8TemplatePlugin))), Clause(Atom(sbt.plugins.JvmPlugin),Set(Atom(sbt.plugins.MiniDependencyTreePlugin)))))
[debug]   :: deduced result: Matched(sbt.plugins.CorePlugin,sbt.plugins.Giter8TemplatePlugin,sbt.plugins.IvyPlugin,sbt.plugins.JvmPlugin,sbt.plugins.MiniDependencyTreePlugin,sbt.plugins.JUnitXmlReportPlugin,sbt.plugins.SemanticdbPlugin)
[debug] Plugins.deducer#function took 49.6884 ms
[debug]           Load.resolveProject(global-plugins) took 99.6036ms
[debug]         Load.loadTransitive: finalizeProject(Project(id global-plugins, base: C:\Users\ext-sbelkati\.sbt\1.0\plugins, plugins: List(<none>))) took 205.3622ms
[debug] [Loading] Done in C:\Users\ext-sbelkati\.sbt\1.0\plugins, returning: (global-plugins)
[debug]       Load.loadUnit: loadedProjectsRaw took 247.1495ms
[debug]       Load.loadUnit: cleanEvalClasses took 0.613ms
[debug]     Load.loadUnit(file:/C:/Users/ext-sbelkati/.sbt/1.0/plugins/, ...) took 471.5529ms
[debug]   Load.apply: load took 803.572ms
[debug]   Load.apply: resolveProjects took 12.9315ms
[debug]   Load.apply: finalTransforms took 126.7079ms
[debug]   Load.apply: config.delegates took 17.5978ms
[debug]   Load.apply: Def.make(settings)... took 1477.4943ms
[debug]   Load.apply: structureIndex took 253.3314ms
[debug]   Load.apply: mkStreams took 3.6448ms
[info] loading global plugins from C:\Users\ext-sbelkati\.sbt\1.0\plugins
[debug] Running task... Cancel: Signal, check cycles: false, forcegc: true
[debug] Load.defaultLoad until apply took 7037.0655ms
[debug]           Load.loadUnit: plugins took 69.5664ms
[debug]           Load.loadUnit: defsScala took 0.0073ms
[debug] [Loading] Scanning directory C:\Users\ext-sbelkati\Desktop\tp-scala\scala-tp-csv\project
[debug]             Load.loadUnit: mkEval took 16.8966ms
[debug] [Loading] Found non-root projects 
[debug] [Loading] Done in C:\Users\ext-sbelkati\Desktop\tp-scala\scala-tp-csv\project, returning: ()
[debug] deducing auto plugins based on known facts Set(Atom(sbt.plugins.CorePlugin)) and clauses Clauses(List(Clause(Atom(sbt.plugins.JvmPlugin),Set(Atom(sbt.plugins.IvyPlugin))), Clause(Atom(sbt.ScriptedPlugin),Set(Atom(sbt.plugins.JvmPlugin))), Clause(Atom(sbt.plugins.SbtPlugin),Set(Atom(sbt.ScriptedPlugin))), Clause(Atom(sbt.plugins.SemanticdbPlugin),Set(Atom(sbt.plugins.JvmPlugin))), Clause(Atom(sbt.plugins.JUnitXmlReportPlugin),Set(Atom(sbt.plugins.JvmPlugin))), Clause(Atom(sbt.plugins.MiniDependencyTreePlugin),Set(Atom(sbt.plugins.JvmPlugin))), Clause(Atom(sbt.plugins.CorePlugin),Set(Atom(sbt.plugins.IvyPlugin))), Clause(Atom(sbt.plugins.IvyPlugin),Set(Atom(sbt.plugins.JvmPlugin))), Clause(Atom(sbt.plugins.JvmPlugin),Set(Atom(sbt.plugins.SemanticdbPlugin))), Clause(Atom(sbt.plugins.JvmPlugin),Set(Atom(sbt.plugins.JUnitXmlReportPlugin))), Clause(Atom(sbt.plugins.CorePlugin),Set(Atom(sbt.plugins.Giter8TemplatePlugin))), Clause(Atom(sbt.plugins.JvmPlugin),Set(Atom(sbt.plugins.MiniDependencyTreePlugin)))))
[debug]   :: deduced result: Matched(sbt.plugins.CorePlugin,sbt.plugins.Giter8TemplatePlugin,sbt.plugins.IvyPlugin,sbt.plugins.JvmPlugin,sbt.plugins.MiniDependencyTreePlugin,sbt.plugins.JUnitXmlReportPlugin,sbt.plugins.SemanticdbPlugin)
[debug] Plugins.deducer#function took 4.4702 ms
[info] loading settings for project scala-tp-csv-build from idea1247.sbt ...
[debug]               Load.resolveProject(scala-tp-csv-build) took 19.2678ms
[debug]             Load.loadTransitive: finalizeProject(Project(id scala-tp-csv-build, base: C:\Users\ext-sbelkati\Desktop\tp-scala\scala-tp-csv\project, plugins: List(<none>))) took 24.9035ms
[debug] [Loading] Done in C:\Users\ext-sbelkati\Desktop\tp-scala\scala-tp-csv\project, returning: (scala-tp-csv-build)
[debug]           Load.loadUnit: loadedProjectsRaw took 362.0771ms
[debug]           Load.loadUnit: cleanEvalClasses took 10.4126ms
[debug]         Load.loadUnit(file:/C:/Users/ext-sbelkati/Desktop/tp-scala/scala-tp-csv/project/, ...) took 444.6266ms
[debug]       Load.apply: load took 447.4959ms
[debug]       Load.apply: resolveProjects took 0.1531ms
[debug]       Load.apply: finalTransforms took 21.1167ms
[debug]       Load.apply: config.delegates took 0.7823ms
[debug]       Load.apply: Def.make(settings)... took 205.0046ms
[debug]       Load.apply: structureIndex took 57.8009ms
[debug]       Load.apply: mkStreams took 0.0038ms
[info] loading project definition from C:\Users\ext-sbelkati\Desktop\tp-scala\scala-tp-csv\project
[debug] Running task... Cancel: Signal, check cycles: false, forcegc: true
[debug]     Load.loadUnit: plugins took 1272.0035ms
[debug]     Load.loadUnit: defsScala took 0.0042ms
[debug] [Loading] Scanning directory C:\Users\ext-sbelkati\Desktop\tp-scala\scala-tp-csv
[debug]       Load.loadUnit: mkEval took 0.3491ms
[debug] [Loading] Found non-root projects 
[debug] [Loading] Done in C:\Users\ext-sbelkati\Desktop\tp-scala\scala-tp-csv, returning: ()
[debug] deducing auto plugins based on known facts Set(Atom(sbt.plugins.CorePlugin)) and clauses Clauses(List(Clause(Atom(sbt.plugins.JvmPlugin),Set(Atom(sbt.plugins.IvyPlugin))), Clause(Atom(sbt.ScriptedPlugin),Set(Atom(sbt.plugins.JvmPlugin))), Clause(Atom(sbt.plugins.SbtPlugin),Set(Atom(sbt.ScriptedPlugin))), Clause(Atom(sbt.plugins.SemanticdbPlugin),Set(Atom(sbt.plugins.JvmPlugin))), Clause(Atom(sbt.plugins.JUnitXmlReportPlugin),Set(Atom(sbt.plugins.JvmPlugin))), Clause(Atom(sbt.plugins.MiniDependencyTreePlugin),Set(Atom(sbt.plugins.JvmPlugin))), Clause(Atom(org.jetbrains.sbt.StructurePlugin),Set(Atom(sbt.plugins.JvmPlugin))), Clause(Atom(org.jetbrains.sbt.IdeaShellPlugin),Set(Atom(sbt.plugins.JvmPlugin))), Clause(Atom(org.jetbrains.sbt.indices.SbtIntellijIndicesPlugin),Set(Atom(sbt.plugins.JvmPlugin))), Clause(Atom(sbt.plugins.CorePlugin),Set(Atom(sbt.plugins.IvyPlugin))), Clause(Atom(sbt.plugins.IvyPlugin),Set(Atom(sbt.plugins.JvmPlugin))), Clause(Atom(sbt.plugins.JvmPlugin),Set(Atom(sbt.plugins.SemanticdbPlugin))), Clause(Atom(sbt.plugins.JvmPlugin),Set(Atom(sbt.plugins.JUnitXmlReportPlugin))), Clause(Atom(sbt.plugins.CorePlugin),Set(Atom(sbt.plugins.Giter8TemplatePlugin))), Clause(Atom(sbt.plugins.JvmPlugin),Set(Atom(sbt.plugins.MiniDependencyTreePlugin))), Clause(Atom(sbt.plugins.JvmPlugin),Set(Atom(org.jetbrains.sbt.StructurePlugin))), Clause(Atom(sbt.plugins.JvmPlugin),Set(Atom(org.jetbrains.sbt.IdeaShellPlugin))), Clause(And(Set(Atom(sbt.plugins.CorePlugin), Atom(sbt.plugins.JvmPlugin))),Set(Atom(org.jetbrains.sbt.indices.SbtIntellijIndicesPlugin)))))
[debug]   :: deduced result: Matched(sbt.plugins.CorePlugin,sbt.plugins.Giter8TemplatePlugin,sbt.plugins.IvyPlugin,sbt.plugins.JvmPlugin,sbt.plugins.SemanticdbPlugin,org.jetbrains.sbt.indices.SbtIntellijIndicesPlugin,sbt.plugins.JUnitXmlReportPlugin,org.jetbrains.sbt.IdeaShellPlugin,org.jetbrains.sbt.StructurePlugin,sbt.plugins.MiniDependencyTreePlugin)
[debug] Plugins.deducer#function took 3.791 ms
[info] loading settings for project scala-tp-csv from build.sbt ...
[debug]         Load.resolveProject(scala-tp-csv) took 69.3902ms
[debug]       Load.loadTransitive: finalizeProject(Project(id scala-tp-csv, base: C:\Users\ext-sbelkati\Desktop\tp-scala\scala-tp-csv, plugins: List(<none>))) took 74.9751ms
[debug] [Loading] Done in C:\Users\ext-sbelkati\Desktop\tp-scala\scala-tp-csv, returning: (scala-tp-csv)
[debug]     Load.loadUnit: loadedProjectsRaw took 150.095ms
[debug]     Load.loadUnit: cleanEvalClasses took 6.4617ms
[debug]   Load.loadUnit(file:/C:/Users/ext-sbelkati/Desktop/tp-scala/scala-tp-csv/, ...) took 1429.5474ms
[debug] Load.apply: load took 1432.7681ms
[debug] Load.apply: resolveProjects took 0.2701ms
[debug] Load.apply: finalTransforms took 52.5066ms
[debug] Load.apply: config.delegates took 0.6496ms
[debug] Load.apply: Def.make(settings)... took 133.0474ms
[debug] Load.apply: structureIndex took 55.3191ms
[debug] Load.apply: mkStreams took 0.0043ms
[info] set current project to scala-tp-csv (in build file:/C:/Users/ext-sbelkati/Desktop/tp-scala/scala-tp-csv/)
[debug] > Exec(sbtPopOnFailure, None, None)
[debug] > Exec(resumeFromFailure, None, None)
[debug] > Exec(notifyUsersAboutShell, None, None)
[debug] > Exec(iflast shell, None, None)
[debug] > Exec(; set ideaPort in Global := 51617 ; idea-shell, None, None)
[debug] > Exec(set ideaPort in Global := 51617, None, None)
[info] Defining Global / ideaPort
[info] The new value will be used by Compile / compile, Test / compile
[debug] Defining 
[debug] 	Global / ideaPort
[debug] 
[debug] The new value will be used by 
[debug] 	Compile / compile
[debug] 	Test / compile
[info] Reapplying settings...
[info] set current project to scala-tp-csv (in build file:/C:/Users/ext-sbelkati/Desktop/tp-scala/scala-tp-csv/)
[debug] > Exec(idea-shell, None, None)
