[debug] > Exec(early(addDefaultCommands), None, None)
[debug] > Exec(addDefaultCommands, None, None)
[debug] > Exec(early(initialize), None, None)
[debug] > Exec(initialize, None, None)
[debug] > Exec(early(addPluginSbtFile="""C:\Users\ext-sbelkati\AppData\Local\Temp\idea2600.sbt"""), None, None)
[debug] > Exec(addPluginSbtFile="""C:\Users\ext-sbelkati\AppData\Local\Temp\idea2600.sbt""", None, None)
[debug] > Exec(boot, None, None)
[debug] > Exec(writeSbtVersion, None, None)
[debug] > Exec(reload, None, None)
[debug] > Exec(sbtStashOnFailure, None, None)
[debug] > Exec(onFailure loadFailed, None, None)
[debug] > Exec(loadp, None, None)
[info] welcome to sbt 1.4.7 (Oracle Corporation Java 1.8.0_271)
[debug]       Load.loadUnit: plugins took 127.8947ms
[debug]       Load.loadUnit: defsScala took 0.3726ms
[debug] [Loading] Scanning directory C:\Users\ext-sbelkati\.sbt\1.0\plugins
[debug] [Loading] Found non-root projects 
[debug] [Loading] Done in C:\Users\ext-sbelkati\.sbt\1.0\plugins, returning: ()
[debug] deducing auto plugins based on known facts Set(Atom(sbt.plugins.CorePlugin)) and clauses Clauses(List(Clause(Atom(sbt.plugins.JvmPlugin),Set(Atom(sbt.plugins.IvyPlugin))), Clause(Atom(sbt.ScriptedPlugin),Set(Atom(sbt.plugins.JvmPlugin))), Clause(Atom(sbt.plugins.SbtPlugin),Set(Atom(sbt.ScriptedPlugin))), Clause(Atom(sbt.plugins.SemanticdbPlugin),Set(Atom(sbt.plugins.JvmPlugin))), Clause(Atom(sbt.plugins.JUnitXmlReportPlugin),Set(Atom(sbt.plugins.JvmPlugin))), Clause(Atom(sbt.plugins.MiniDependencyTreePlugin),Set(Atom(sbt.plugins.JvmPlugin))), Clause(Atom(sbt.plugins.CorePlugin),Set(Atom(sbt.plugins.IvyPlugin))), Clause(Atom(sbt.plugins.IvyPlugin),Set(Atom(sbt.plugins.JvmPlugin))), Clause(Atom(sbt.plugins.JvmPlugin),Set(Atom(sbt.plugins.SemanticdbPlugin))), Clause(Atom(sbt.plugins.JvmPlugin),Set(Atom(sbt.plugins.JUnitXmlReportPlugin))), Clause(Atom(sbt.plugins.CorePlugin),Set(Atom(sbt.plugins.Giter8TemplatePlugin))), Clause(Atom(sbt.plugins.JvmPlugin),Set(Atom(sbt.plugins.MiniDependencyTreePlugin)))))
[debug]   :: deduced result: Matched(sbt.plugins.CorePlugin,sbt.plugins.Giter8TemplatePlugin,sbt.plugins.IvyPlugin,sbt.plugins.JvmPlugin,sbt.plugins.MiniDependencyTreePlugin,sbt.plugins.JUnitXmlReportPlugin,sbt.plugins.SemanticdbPlugin)
[debug] Plugins.deducer#function took 26.1354 ms
[debug]           Load.resolveProject(global-plugins) took 59.6639ms
[debug]         Load.loadTransitive: finalizeProject(Project(id global-plugins, base: C:\Users\ext-sbelkati\.sbt\1.0\plugins, plugins: List(<none>))) took 119.9137ms
[debug] [Loading] Done in C:\Users\ext-sbelkati\.sbt\1.0\plugins, returning: (global-plugins)
[debug]       Load.loadUnit: loadedProjectsRaw took 149.0863ms
[debug]       Load.loadUnit: cleanEvalClasses took 0.2897ms
[debug]     Load.loadUnit(file:/C:/Users/ext-sbelkati/.sbt/1.0/plugins/, ...) took 286.9139ms
[debug]   Load.apply: load took 483.6932ms
[debug]   Load.apply: resolveProjects took 13.0538ms
[debug]   Load.apply: finalTransforms took 74.2582ms
[debug]   Load.apply: config.delegates took 10.6842ms
[debug]   Load.apply: Def.make(settings)... took 991.562ms
[debug]   Load.apply: structureIndex took 140.7342ms
[debug]   Load.apply: mkStreams took 2.9505ms
[info] loading global plugins from C:\Users\ext-sbelkati\.sbt\1.0\plugins
[debug] Running task... Cancel: Signal, check cycles: false, forcegc: true
[debug] Load.defaultLoad until apply took 4517.9981ms
[debug]           Load.loadUnit: plugins took 35.7763ms
[debug]           Load.loadUnit: defsScala took 0.0041ms
[debug] [Loading] Scanning directory C:\Users\ext-sbelkati\Desktop\tp-scala\scala-tp-csv\project
[debug]             Load.loadUnit: mkEval took 9.815ms
[debug] [Loading] Found non-root projects 
[debug] [Loading] Done in C:\Users\ext-sbelkati\Desktop\tp-scala\scala-tp-csv\project, returning: ()
[debug] deducing auto plugins based on known facts Set(Atom(sbt.plugins.CorePlugin)) and clauses Clauses(List(Clause(Atom(sbt.plugins.JvmPlugin),Set(Atom(sbt.plugins.IvyPlugin))), Clause(Atom(sbt.ScriptedPlugin),Set(Atom(sbt.plugins.JvmPlugin))), Clause(Atom(sbt.plugins.SbtPlugin),Set(Atom(sbt.ScriptedPlugin))), Clause(Atom(sbt.plugins.SemanticdbPlugin),Set(Atom(sbt.plugins.JvmPlugin))), Clause(Atom(sbt.plugins.JUnitXmlReportPlugin),Set(Atom(sbt.plugins.JvmPlugin))), Clause(Atom(sbt.plugins.MiniDependencyTreePlugin),Set(Atom(sbt.plugins.JvmPlugin))), Clause(Atom(sbt.plugins.CorePlugin),Set(Atom(sbt.plugins.IvyPlugin))), Clause(Atom(sbt.plugins.IvyPlugin),Set(Atom(sbt.plugins.JvmPlugin))), Clause(Atom(sbt.plugins.JvmPlugin),Set(Atom(sbt.plugins.SemanticdbPlugin))), Clause(Atom(sbt.plugins.JvmPlugin),Set(Atom(sbt.plugins.JUnitXmlReportPlugin))), Clause(Atom(sbt.plugins.CorePlugin),Set(Atom(sbt.plugins.Giter8TemplatePlugin))), Clause(Atom(sbt.plugins.JvmPlugin),Set(Atom(sbt.plugins.MiniDependencyTreePlugin)))))
[debug]   :: deduced result: Matched(sbt.plugins.CorePlugin,sbt.plugins.Giter8TemplatePlugin,sbt.plugins.IvyPlugin,sbt.plugins.JvmPlugin,sbt.plugins.MiniDependencyTreePlugin,sbt.plugins.JUnitXmlReportPlugin,sbt.plugins.SemanticdbPlugin)
[debug] Plugins.deducer#function took 2.3021 ms
[info] loading settings for project scala-tp-csv-build from idea2600.sbt ...
[debug]               Load.resolveProject(scala-tp-csv-build) took 2.9828ms
[debug]             Load.loadTransitive: finalizeProject(Project(id scala-tp-csv-build, base: C:\Users\ext-sbelkati\Desktop\tp-scala\scala-tp-csv\project, plugins: List(<none>))) took 5.8821ms
[debug] [Loading] Done in C:\Users\ext-sbelkati\Desktop\tp-scala\scala-tp-csv\project, returning: (scala-tp-csv-build)
[debug]           Load.loadUnit: loadedProjectsRaw took 184.3937ms
[debug]           Load.loadUnit: cleanEvalClasses took 6.343ms
[debug]         Load.loadUnit(file:/C:/Users/ext-sbelkati/Desktop/tp-scala/scala-tp-csv/project/, ...) took 227.903ms
[debug]       Load.apply: load took 229.833ms
[debug]       Load.apply: resolveProjects took 0.1393ms
[debug]       Load.apply: finalTransforms took 13.5536ms
[debug]       Load.apply: config.delegates took 0.598ms
[debug]       Load.apply: Def.make(settings)... took 81.4724ms
[debug]       Load.apply: structureIndex took 35.1586ms
[debug]       Load.apply: mkStreams took 0.0034ms
[info] loading project definition from C:\Users\ext-sbelkati\Desktop\tp-scala\scala-tp-csv\project
[debug] Running task... Cancel: Signal, check cycles: false, forcegc: true
[debug]     Load.loadUnit: plugins took 700.6849ms
[debug]     Load.loadUnit: defsScala took 0.0045ms
[debug] [Loading] Scanning directory C:\Users\ext-sbelkati\Desktop\tp-scala\scala-tp-csv
[debug]       Load.loadUnit: mkEval took 0.439ms
[debug] [Loading] Found non-root projects 
[debug] [Loading] Done in C:\Users\ext-sbelkati\Desktop\tp-scala\scala-tp-csv, returning: ()
[debug] deducing auto plugins based on known facts Set(Atom(sbt.plugins.CorePlugin)) and clauses Clauses(List(Clause(Atom(sbt.plugins.JvmPlugin),Set(Atom(sbt.plugins.IvyPlugin))), Clause(Atom(sbt.ScriptedPlugin),Set(Atom(sbt.plugins.JvmPlugin))), Clause(Atom(sbt.plugins.SbtPlugin),Set(Atom(sbt.ScriptedPlugin))), Clause(Atom(sbt.plugins.SemanticdbPlugin),Set(Atom(sbt.plugins.JvmPlugin))), Clause(Atom(sbt.plugins.JUnitXmlReportPlugin),Set(Atom(sbt.plugins.JvmPlugin))), Clause(Atom(sbt.plugins.MiniDependencyTreePlugin),Set(Atom(sbt.plugins.JvmPlugin))), Clause(Atom(org.jetbrains.sbt.StructurePlugin),Set(Atom(sbt.plugins.JvmPlugin))), Clause(Atom(org.jetbrains.sbt.IdeaShellPlugin),Set(Atom(sbt.plugins.JvmPlugin))), Clause(Atom(org.jetbrains.sbt.indices.SbtIntellijIndicesPlugin),Set(Atom(sbt.plugins.JvmPlugin))), Clause(Atom(sbt.plugins.CorePlugin),Set(Atom(sbt.plugins.IvyPlugin))), Clause(Atom(sbt.plugins.IvyPlugin),Set(Atom(sbt.plugins.JvmPlugin))), Clause(Atom(sbt.plugins.JvmPlugin),Set(Atom(sbt.plugins.SemanticdbPlugin))), Clause(Atom(sbt.plugins.JvmPlugin),Set(Atom(sbt.plugins.JUnitXmlReportPlugin))), Clause(Atom(sbt.plugins.CorePlugin),Set(Atom(sbt.plugins.Giter8TemplatePlugin))), Clause(Atom(sbt.plugins.JvmPlugin),Set(Atom(sbt.plugins.MiniDependencyTreePlugin))), Clause(Atom(sbt.plugins.JvmPlugin),Set(Atom(org.jetbrains.sbt.StructurePlugin))), Clause(Atom(sbt.plugins.JvmPlugin),Set(Atom(org.jetbrains.sbt.IdeaShellPlugin))), Clause(And(Set(Atom(sbt.plugins.CorePlugin), Atom(sbt.plugins.JvmPlugin))),Set(Atom(org.jetbrains.sbt.indices.SbtIntellijIndicesPlugin)))))
[debug]   :: deduced result: Matched(sbt.plugins.CorePlugin,sbt.plugins.Giter8TemplatePlugin,sbt.plugins.IvyPlugin,sbt.plugins.JvmPlugin,sbt.plugins.SemanticdbPlugin,org.jetbrains.sbt.indices.SbtIntellijIndicesPlugin,sbt.plugins.JUnitXmlReportPlugin,org.jetbrains.sbt.IdeaShellPlugin,org.jetbrains.sbt.StructurePlugin,sbt.plugins.MiniDependencyTreePlugin)
[debug] Plugins.deducer#function took 3.0239 ms
[info] loading settings for project scala-tp-csv from build.sbt ...
[debug]         Load.resolveProject(scala-tp-csv) took 56.6686ms
[debug]       Load.loadTransitive: finalizeProject(Project(id scala-tp-csv, base: C:\Users\ext-sbelkati\Desktop\tp-scala\scala-tp-csv, plugins: List(<none>))) took 61.3659ms
[debug] [Loading] Done in C:\Users\ext-sbelkati\Desktop\tp-scala\scala-tp-csv, returning: (scala-tp-csv)
[debug]     Load.loadUnit: loadedProjectsRaw took 147.661ms
[debug]     Load.loadUnit: cleanEvalClasses took 7.4006ms
[debug]   Load.loadUnit(file:/C:/Users/ext-sbelkati/Desktop/tp-scala/scala-tp-csv/, ...) took 856.9021ms
[debug] Load.apply: load took 859.5149ms
[debug] Load.apply: resolveProjects took 0.1694ms
[debug] Load.apply: finalTransforms took 40.1522ms
[debug] Load.apply: config.delegates took 0.554ms
[debug] Load.apply: Def.make(settings)... took 109.9699ms
[debug] Load.apply: structureIndex took 39.32ms
[debug] Load.apply: mkStreams took 0.0037ms
[info] set current project to scala-tp-csv (in build file:/C:/Users/ext-sbelkati/Desktop/tp-scala/scala-tp-csv/)
[debug] > Exec(sbtPopOnFailure, None, None)
[debug] > Exec(resumeFromFailure, None, None)
[debug] > Exec(notifyUsersAboutShell, None, None)
[debug] > Exec(iflast shell, None, None)
[debug] > Exec(; set ideaPort in Global := 53542 ; idea-shell, None, None)
[debug] > Exec(set ideaPort in Global := 53542, None, None)
[info] Defining Global / ideaPort
[info] The new value will be used by Compile / compile, Test / compile
[debug] Defining 
[debug] 	Global / ideaPort
[debug] 
[debug] The new value will be used by 
[debug] 	Compile / compile
[debug] 	Test / compile
[info] Reapplying settings...
[info] set current project to scala-tp-csv (in build file:/C:/Users/ext-sbelkati/Desktop/tp-scala/scala-tp-csv/)
[debug] > Exec(idea-shell, None, None)
